<?xml version="1.0" encoding="UTF-8" ?>
<testsuite failures="0" time="0.021" errors="0" skipped="0" tests="8" name="org.boon.utils.MapsTest">
  <properties>
[...]
</properties>
  <testcase time="0.001" classname="org.boon.utils.MapsTest" name="testEntry"/>
  <testcase time="0.003" classname="org.boon.utils.MapsTest" name="testUniversal"/>
  <testcase time="0.001" classname="org.boon.utils.MapsTest" name="testHashMap"/>
  <testcase time="0.001" classname="org.boon.utils.MapsTest" name="testTreeMap"/>
  <testcase time="0.003" classname="org.boon.utils.MapsTest" name="testComparator"/>
  <testcase time="0.001" classname="org.boon.utils.MapsTest" name="testSafeMap"/>
  <testcase time="0.007" classname="org.boon.utils.MapsTest" name="testComparatorSkipMap"/>
  <testcase time="0.001" classname="org.boon.utils.MapsTest" name="testSkipMap"/>
</testsuite>